HARDWARE=mx3
M9=M9
RADIO=unknown
AUTORECORDER=true
HOST=mz-builder-1
CUSTOMIZE_CHINAUNICOM=false
MX_DEVICE=2
PERMANENTKEY=false
M045=M045
ID=KTU84P
M046=M046
TYPE=user
TIME=1407160759000
FINGERPRINT=Meizu/meizu_mx3/mx3:4.4.4/KTU84P/m35x.Flyme_OS_3.7.6.20140804215157:user/release-keys
CUSTOMIZE_PCCW=false
UNKNOWN=unknown
BOARD=mx3
PRODUCT=meizu_mx3
versionName=1.0
DEVICE=mx3
MODEL=M353
BOOTLOADER=unknown
CTA=noncta
CPU_ABI2=armeabi
HAS_SMARTBAR=true
MZ_USE_NAVBAR=false
IS_MX3=true
IS_WCDMA_PLATFORM=true
IS_MX2=false
IS_MX=false
MX3_DEVICE=8
versionCode=1
IS_PCCW=false
M9_DEVICE=1
TAGS=release-keys
M065=M353
VOICEMAIL=true
BUILD_MASK=4.4.4-1407160317_dev
MANUFACTURER=Meizu
MeizuSecurity=true
CUSTOMIZE_ISP_VALUE=unknown
NFC_INFO=true
IS_M9=false
M040=M040
IS_AGENCY=false
SUPPORT_MZ_NFC_P2P_FEATURE=8
IS_PRODUCT=true
CUSTOMIZE_CHINAMOBILE=false
DISPLAY=Flyme OS 3.7.6A (体验版)
MX2_DEVICE=4
USER=flyme
HAS_PERMANENTKEY=false
IS_TD_PLATFORM=false
CPU_ABI=armeabi-v7a
MEIZU_SECURITY=true
IS_FLYMEROM=false
IS_DEBUGGABLE=false
M032=M032
M030=M030
SERIAL=353ADJER3EJY
M031=M031
BRAND=Meizu
IS_SHOPDEMO=false
java.lang.NullPointerException
	at com.aoeng.degu.ui.internet.EarthquakeListFragment.refreshEarthquakes(EarthquakeListFragment.java:106)
	at com.aoeng.degu.ui.internet.EarthquakeListFragment.access$0(EarthquakeListFragment.java:66)
	at com.aoeng.degu.ui.internet.EarthquakeListFragment$1.run(EarthquakeListFragment.java:59)
	at java.lang.Thread.run(Thread.java:841)
java.lang.NullPointerException
	at com.aoeng.degu.ui.internet.EarthquakeListFragment.refreshEarthquakes(EarthquakeListFragment.java:106)
	at com.aoeng.degu.ui.internet.EarthquakeListFragment.access$0(EarthquakeListFragment.java:66)
	at com.aoeng.degu.ui.internet.EarthquakeListFragment$1.run(EarthquakeListFragment.java:59)
	at java.lang.Thread.run(Thread.java:841)
java.lang.NullPointerException
	at com.aoeng.degu.ui.internet.EarthquakeListFragment.refreshEarthquakes(EarthquakeListFragment.java:106)
	at com.aoeng.degu.ui.internet.EarthquakeListFragment.access$0(EarthquakeListFragment.java:66)
	at com.aoeng.degu.ui.internet.EarthquakeListFragment$1.run(EarthquakeListFragment.java:59)
	at java.lang.Thread.run(Thread.java:841)
java.lang.NullPointerException
	at com.aoeng.degu.ui.internet.EarthquakeListFragment.refreshEarthquakes(EarthquakeListFragment.java:106)
	at com.aoeng.degu.ui.internet.EarthquakeListFragment.access$0(EarthquakeListFragment.java:66)
	at com.aoeng.degu.ui.internet.EarthquakeListFragment$1.run(EarthquakeListFragment.java:59)
	at java.lang.Thread.run(Thread.java:841)
java.lang.NullPointerException
	at com.aoeng.degu.ui.internet.EarthquakeListFragment.refreshEarthquakes(EarthquakeListFragment.java:106)
	at com.aoeng.degu.ui.internet.EarthquakeListFragment.access$0(EarthquakeListFragment.java:66)
	at com.aoeng.degu.ui.internet.EarthquakeListFragment$1.run(EarthquakeListFragment.java:59)
	at java.lang.Thread.run(Thread.java:841)
java.lang.NullPointerException
	at com.aoeng.degu.ui.internet.EarthquakeListFragment.refreshEarthquakes(EarthquakeListFragment.java:106)
	at com.aoeng.degu.ui.internet.EarthquakeListFragment.access$0(EarthquakeListFragment.java:66)
	at com.aoeng.degu.ui.internet.EarthquakeListFragment$1.run(EarthquakeListFragment.java:59)
	at java.lang.Thread.run(Thread.java:841)
2014-08-10-23-28-27-003java.lang.NullPointerException
	at com.aoeng.degu.ui.internet.EarthquakeListFragment.refreshEarthquakes(EarthquakeListFragment.java:106)
	at com.aoeng.degu.ui.internet.EarthquakeListFragment.access$0(EarthquakeListFragment.java:66)
	at com.aoeng.degu.ui.internet.EarthquakeListFragment$1.run(EarthquakeListFragment.java:59)
	at java.lang.Thread.run(Thread.java:841)
2014-08-10-23-28-42-500java.lang.NullPointerException
	at com.aoeng.degu.ui.internet.EarthquakeListFragment.refreshEarthquakes(EarthquakeListFragment.java:106)
	at com.aoeng.degu.ui.internet.EarthquakeListFragment.access$0(EarthquakeListFragment.java:66)
	at com.aoeng.degu.ui.internet.EarthquakeListFragment$1.run(EarthquakeListFragment.java:59)
	at java.lang.Thread.run(Thread.java:841)
2014-08-10-23-32-49-635java.lang.NullPointerException
	at com.aoeng.degu.ui.internet.EarthquakeListFragment.refreshEarthquakes(EarthquakeListFragment.java:106)
	at com.aoeng.degu.ui.internet.EarthquakeListFragment.access$0(EarthquakeListFragment.java:66)
	at com.aoeng.degu.ui.internet.EarthquakeListFragment$1.run(EarthquakeListFragment.java:59)
	at java.lang.Thread.run(Thread.java:841)
